<?xml version="1.0" encoding="UTF-8"?>
<!-- Generated by org.testng.reporters.JUnitReportReporter -->
<testsuite hostname="DESKTOP-QDTG502" failures="0" tests="1" name="API_WEB_PACK.Get_customers" time="5.338" errors="0" timestamp="2023-03-28T15:19:04 IST" skipped="0">
  <testcase classname="API_WEB_PACK.Get_customers" name="get_customers" time="5.338"/>
  <system-out/>
</testsuite> <!-- API_WEB_PACK.Get_customers -->
