<?xml version="1.0" encoding="UTF-8"?>
<!-- Generated by org.testng.reporters.JUnitReportReporter -->
<testsuite hostname="DESKTOP-QDTG502" failures="0" tests="1" name="API_WEB_PACK.Track_order" time="5.453" errors="0" timestamp="2023-03-28T15:14:43 IST" skipped="0">
  <testcase classname="API_WEB_PACK.Track_order" name="track_order" time="5.453"/>
  <system-out/>
</testsuite> <!-- API_WEB_PACK.Track_order -->
