<?xml version="1.0" encoding="UTF-8"?>
<!-- Generated by org.testng.reporters.JUnitReportReporter -->
<testsuite hostname="DESKTOP-QDTG502" failures="0" tests="1" name="API_WEB_PACK.Cart" time="8.232" errors="0" timestamp="2023-02-17T13:29:44 IST" skipped="0">
  <testcase classname="API_WEB_PACK.Cart" name="cart" time="8.232"/>
  <system-out/>
</testsuite> <!-- API_WEB_PACK.Cart -->
