<?xml version="1.0" encoding="UTF-8"?>
<!-- Generated by org.testng.reporters.JUnitReportReporter -->
<testsuite hostname="DESKTOP-QDTG502" failures="0" tests="1" name="API_WEB_PACK.Get_Order" time="2.978" errors="0" timestamp="2023-03-07T15:42:12 IST" skipped="0">
  <testcase classname="API_WEB_PACK.Get_Order" name="get_ordder" time="2.978"/>
  <system-out/>
</testsuite> <!-- API_WEB_PACK.Get_Order -->
