<?xml version="1.0" encoding="UTF-8"?>
<!-- Generated by org.testng.reporters.JUnitReportReporter -->
<testsuite hostname="DESKTOP-QDTG502" failures="0" tests="1" name="API_WEB_PACK.kapiva_create_user" time="3.721" errors="0" timestamp="2023-02-23T09:29:44 IST" skipped="0">
  <testcase classname="API_WEB_PACK.kapiva_create_user" name="autosign" time="3.721"/>
  <system-out/>
</testsuite> <!-- API_WEB_PACK.kapiva_create_user -->
