<?xml version="1.0" encoding="UTF-8"?>
<!-- Generated by org.testng.reporters.JUnitReportReporter -->
<testsuite hostname="DESKTOP-QDTG502" failures="0" tests="1" name="API_WEB_PACK.Check_user_kapiva" time="4.091" errors="0" timestamp="2023-03-28T15:17:15 IST" skipped="0">
  <testcase classname="API_WEB_PACK.Check_user_kapiva" name="checking_user" time="4.091"/>
  <system-out/>
</testsuite> <!-- API_WEB_PACK.Check_user_kapiva -->
