<?xml version="1.0" encoding="UTF-8"?>
<!-- Generated by org.testng.reporters.JUnitReportReporter -->
<testsuite hostname="DESKTOP-QDTG502" failures="0" tests="1" name="API_WEB_PACK.kapiva" time="6.102" errors="0" timestamp="2023-01-13T11:32:26 IST" skipped="0">
  <testcase classname="API_WEB_PACK.kapiva" name="autosign" time="6.102"/>
  <system-out/>
</testsuite> <!-- API_WEB_PACK.kapiva -->
