<?xml version="1.0" encoding="UTF-8"?>
<!-- Generated by org.testng.reporters.JUnitReportReporter -->
<testsuite hostname="DESKTOP-QDTG502" failures="0" tests="1" name="API_WEB_PACK.Get_payment_methods" time="5.329" errors="0" timestamp="2023-03-28T15:14:42 IST" skipped="0">
  <testcase classname="API_WEB_PACK.Get_payment_methods" name="get_payment" time="5.329"/>
  <system-out/>
</testsuite> <!-- API_WEB_PACK.Get_payment_methods -->
